INFO: [VRFC 10-2263] Analyzing Verilog file "C:/Image_Processing_FPGA/fpga/vivado_project/filter_vivado/filter_vivado.ip_user_files/bd/filter_bd/ip/filter_bd_processing_system7_0_0/sim/filter_bd_processing_system7_0_0.v" into library xil_defaultlib
INFO: [VRFC 10-311] analyzing module filter_bd_processing_system7_0_0
INFO: [VRFC 10-2263] Analyzing Verilog file "C:/Image_Processing_FPGA/fpga/vivado_project/filter_vivado/filter_vivado.gen/sources_1/bd/filter_bd/ipshared/e663/hdl/verilog/multi_filter_am_addmul_10ns_8ns_12ns_23_4_1.v" into library xil_defaultlib
INFO: [VRFC 10-311] analyzing module multi_filter_am_addmul_10ns_8ns_12ns_23_4_1_DSP48_0
INFO: [VRFC 10-311] analyzing module multi_filter_am_addmul_10ns_8ns_12ns_23_4_1
INFO: [VRFC 10-2263] Analyzing Verilog file "C:/Image_Processing_FPGA/fpga/vivado_project/filter_vivado/filter_vivado.gen/sources_1/bd/filter_bd/ipshared/e663/hdl/verilog/multi_filter_am_addmul_11ns_10ns_13ns_25_4_1.v" into library xil_defaultlib
INFO: [VRFC 10-311] analyzing module multi_filter_am_addmul_11ns_10ns_13ns_25_4_1_DSP48_0
INFO: [VRFC 10-311] analyzing module multi_filter_am_addmul_11ns_10ns_13ns_25_4_1
INFO: [VRFC 10-2263] Analyzing Verilog file "C:/Image_Processing_FPGA/fpga/vivado_project/filter_vivado/filter_vivado.gen/sources_1/bd/filter_bd/ipshared/e663/hdl/verilog/multi_filter_blur_RAM_AUTO_1R1W.v" into library xil_defaultlib
INFO: [VRFC 10-311] analyzing module multi_filter_blur_RAM_AUTO_1R1W
INFO: [VRFC 10-2263] Analyzing Verilog file "C:/Image_Processing_FPGA/fpga/vivado_project/filter_vivado/filter_vivado.gen/sources_1/bd/filter_bd/ipshared/e663/hdl/verilog/multi_filter_CTRL_BUS_s_axi.v" into library xil_defaultlib
INFO: [VRFC 10-311] analyzing module multi_filter_CTRL_BUS_s_axi
INFO: [VRFC 10-2263] Analyzing Verilog file "C:/Image_Processing_FPGA/fpga/vivado_project/filter_vivado/filter_vivado.gen/sources_1/bd/filter_bd/ipshared/e663/hdl/verilog/multi_filter_flow_control_loop_pipe_sequential_init.v" into library xil_defaultlib
INFO: [VRFC 10-311] analyzing module multi_filter_flow_control_loop_pipe_sequential_init
INFO: [VRFC 10-2263] Analyzing Verilog file "C:/Image_Processing_FPGA/fpga/vivado_project/filter_vivado/filter_vivado.gen/sources_1/bd/filter_bd/ipshared/e663/hdl/verilog/multi_filter_hls_deadlock_idx0_monitor.v" into library xil_defaultlib
INFO: [VRFC 10-311] analyzing module multi_filter_hls_deadlock_idx0_monitor
INFO: [VRFC 10-2263] Analyzing Verilog file "C:/Image_Processing_FPGA/fpga/vivado_project/filter_vivado/filter_vivado.gen/sources_1/bd/filter_bd/ipshared/e663/hdl/verilog/multi_filter_image_RAM_AUTO_1R1W.v" into library xil_defaultlib
INFO: [VRFC 10-311] analyzing module multi_filter_image_RAM_AUTO_1R1W
INFO: [VRFC 10-2263] Analyzing Verilog file "C:/Image_Processing_FPGA/fpga/vivado_project/filter_vivado/filter_vivado.gen/sources_1/bd/filter_bd/ipshared/e663/hdl/verilog/multi_filter_mac_muladd_11s_11s_22s_22_4_1.v" into library xil_defaultlib
INFO: [VRFC 10-311] analyzing module multi_filter_mac_muladd_11s_11s_22s_22_4_1_DSP48_0
INFO: [VRFC 10-311] analyzing module multi_filter_mac_muladd_11s_11s_22s_22_4_1
INFO: [VRFC 10-2263] Analyzing Verilog file "C:/Image_Processing_FPGA/fpga/vivado_project/filter_vivado/filter_vivado.gen/sources_1/bd/filter_bd/ipshared/e663/hdl/verilog/multi_filter_mul_7ns_9ns_15_1_1.v" into library xil_defaultlib
INFO: [VRFC 10-311] analyzing module multi_filter_mul_7ns_9ns_15_1_1
INFO: [VRFC 10-2263] Analyzing Verilog file "C:/Image_Processing_FPGA/fpga/vivado_project/filter_vivado/filter_vivado.gen/sources_1/bd/filter_bd/ipshared/e663/hdl/verilog/multi_filter_mul_8ns_10ns_17_1_1.v" into library xil_defaultlib
INFO: [VRFC 10-311] analyzing module multi_filter_mul_8ns_10ns_17_1_1
INFO: [VRFC 10-2263] Analyzing Verilog file "C:/Image_Processing_FPGA/fpga/vivado_project/filter_vivado/filter_vivado.gen/sources_1/bd/filter_bd/ipshared/e663/hdl/verilog/multi_filter_mul_11s_11s_22_1_1.v" into library xil_defaultlib
INFO: [VRFC 10-311] analyzing module multi_filter_mul_11s_11s_22_1_1
INFO: [VRFC 10-2263] Analyzing Verilog file "C:/Image_Processing_FPGA/fpga/vivado_project/filter_vivado/filter_vivado.gen/sources_1/bd/filter_bd/ipshared/e663/hdl/verilog/multi_filter_mul_31ns_31ns_62_2_1.v" into library xil_defaultlib
INFO: [VRFC 10-311] analyzing module multi_filter_mul_31ns_31ns_62_2_1
INFO: [VRFC 10-2263] Analyzing Verilog file "C:/Image_Processing_FPGA/fpga/vivado_project/filter_vivado/filter_vivado.gen/sources_1/bd/filter_bd/ipshared/e663/hdl/verilog/multi_filter_mul_31ns_33ns_63_2_1.v" into library xil_defaultlib
INFO: [VRFC 10-311] analyzing module multi_filter_mul_31ns_33ns_63_2_1
INFO: [VRFC 10-2263] Analyzing Verilog file "C:/Image_Processing_FPGA/fpga/vivado_project/filter_vivado/filter_vivado.gen/sources_1/bd/filter_bd/ipshared/e663/hdl/verilog/multi_filter_multi_filter_Pipeline_VITIS_LOOP_6_1_VITIS_LOOP_7_2.v" into library xil_defaultlib
INFO: [VRFC 10-311] analyzing module multi_filter_multi_filter_Pipeline_VITIS_LOOP_6_1_VITIS_LOOP_7_2
INFO: [VRFC 10-2263] Analyzing Verilog file "C:/Image_Processing_FPGA/fpga/vivado_project/filter_vivado/filter_vivado.gen/sources_1/bd/filter_bd/ipshared/e663/hdl/verilog/multi_filter_multi_filter_Pipeline_VITIS_LOOP_25_1_VITIS_LOOP_26_2.v" into library xil_defaultlib
INFO: [VRFC 10-311] analyzing module multi_filter_multi_filter_Pipeline_VITIS_LOOP_25_1_VITIS_LOOP_26_2
INFO: [VRFC 10-2263] Analyzing Verilog file "C:/Image_Processing_FPGA/fpga/vivado_project/filter_vivado/filter_vivado.gen/sources_1/bd/filter_bd/ipshared/e663/hdl/verilog/multi_filter_multi_filter_Pipeline_VITIS_LOOP_25_1_VITIS_LOOP_26_21.v" into library xil_defaultlib
INFO: [VRFC 10-311] analyzing module multi_filter_multi_filter_Pipeline_VITIS_LOOP_25_1_VITIS_LOOP_26_21
INFO: [VRFC 10-2263] Analyzing Verilog file "C:/Image_Processing_FPGA/fpga/vivado_project/filter_vivado/filter_vivado.gen/sources_1/bd/filter_bd/ipshared/e663/hdl/verilog/multi_filter_multi_filter_Pipeline_VITIS_LOOP_42_1_VITIS_LOOP_43_2.v" into library xil_defaultlib
INFO: [VRFC 10-311] analyzing module multi_filter_multi_filter_Pipeline_VITIS_LOOP_42_1_VITIS_LOOP_43_2
INFO: [VRFC 10-2263] Analyzing Verilog file "C:/Image_Processing_FPGA/fpga/vivado_project/filter_vivado/filter_vivado.gen/sources_1/bd/filter_bd/ipshared/e663/hdl/verilog/multi_filter_multi_filter_Pipeline_VITIS_LOOP_42_1_VITIS_LOOP_43_2_blur_127_local_RAM_AUTObkb.v" into library xil_defaultlib
INFO: [VRFC 10-311] analyzing module multi_filter_multi_filter_Pipeline_VITIS_LOOP_42_1_VITIS_LOOP_43_2_blur_127_local_RAM_AUTObkb
INFO: [VRFC 10-2263] Analyzing Verilog file "C:/Image_Processing_FPGA/fpga/vivado_project/filter_vivado/filter_vivado.gen/sources_1/bd/filter_bd/ipshared/e663/hdl/verilog/multi_filter_multi_filter_Pipeline_VITIS_LOOP_55_1_VITIS_LOOP_56_2.v" into library xil_defaultlib
INFO: [VRFC 10-311] analyzing module multi_filter_multi_filter_Pipeline_VITIS_LOOP_55_1_VITIS_LOOP_56_2
INFO: [VRFC 10-2263] Analyzing Verilog file "C:/Image_Processing_FPGA/fpga/vivado_project/filter_vivado/filter_vivado.gen/sources_1/bd/filter_bd/ipshared/e663/hdl/verilog/multi_filter_multi_filter_Pipeline_VITIS_LOOP_70_1_VITIS_LOOP_71_2.v" into library xil_defaultlib
INFO: [VRFC 10-311] analyzing module multi_filter_multi_filter_Pipeline_VITIS_LOOP_70_1_VITIS_LOOP_71_2
INFO: [VRFC 10-2263] Analyzing Verilog file "C:/Image_Processing_FPGA/fpga/vivado_project/filter_vivado/filter_vivado.gen/sources_1/bd/filter_bd/ipshared/e663/hdl/verilog/multi_filter_multi_filter_Pipeline_VITIS_LOOP_96_1_VITIS_LOOP_97_2.v" into library xil_defaultlib
INFO: [VRFC 10-311] analyzing module multi_filter_multi_filter_Pipeline_VITIS_LOOP_96_1_VITIS_LOOP_97_2
INFO: [VRFC 10-2263] Analyzing Verilog file "C:/Image_Processing_FPGA/fpga/vivado_project/filter_vivado/filter_vivado.gen/sources_1/bd/filter_bd/ipshared/e663/hdl/verilog/multi_filter_multi_filter_Pipeline_VITIS_LOOP_112_3_VITIS_LOOP_113_4_VITIS_LOOP_114_5.v" into library xil_defaultlib
INFO: [VRFC 10-311] analyzing module multi_filter_multi_filter_Pipeline_VITIS_LOOP_112_3_VITIS_LOOP_113_4_VITIS_LOOP_114_5
INFO: [VRFC 10-2263] Analyzing Verilog file "C:/Image_Processing_FPGA/fpga/vivado_project/filter_vivado/filter_vivado.gen/sources_1/bd/filter_bd/ipshared/e663/hdl/verilog/multi_filter_regslice_both.v" into library xil_defaultlib
INFO: [VRFC 10-311] analyzing module multi_filter_regslice_both
INFO: [VRFC 10-2263] Analyzing Verilog file "C:/Image_Processing_FPGA/fpga/vivado_project/filter_vivado/filter_vivado.gen/sources_1/bd/filter_bd/ipshared/e663/hdl/verilog/multi_filter_result_RAM_AUTO_1R1W.v" into library xil_defaultlib
INFO: [VRFC 10-311] analyzing module multi_filter_result_RAM_AUTO_1R1W
INFO: [VRFC 10-2263] Analyzing Verilog file "C:/Image_Processing_FPGA/fpga/vivado_project/filter_vivado/filter_vivado.gen/sources_1/bd/filter_bd/ipshared/e663/hdl/verilog/multi_filter_sparsemux_7_2_8_1_1.v" into library xil_defaultlib
INFO: [VRFC 10-311] analyzing module multi_filter_sparsemux_7_2_8_1_1
INFO: [VRFC 10-2263] Analyzing Verilog file "C:/Image_Processing_FPGA/fpga/vivado_project/filter_vivado/filter_vivado.gen/sources_1/bd/filter_bd/ipshared/e663/hdl/verilog/multi_filter_sparsemux_253_7_8_1_1.v" into library xil_defaultlib
INFO: [VRFC 10-311] analyzing module multi_filter_sparsemux_253_7_8_1_1
INFO: [VRFC 10-2263] Analyzing Verilog file "C:/Image_Processing_FPGA/fpga/vivado_project/filter_vivado/filter_vivado.gen/sources_1/bd/filter_bd/ipshared/e663/hdl/verilog/multi_filter_sparsemux_257_7_8_1_1.v" into library xil_defaultlib
INFO: [VRFC 10-311] analyzing module multi_filter_sparsemux_257_7_8_1_1
INFO: [VRFC 10-2263] Analyzing Verilog file "C:/Image_Processing_FPGA/fpga/vivado_project/filter_vivado/filter_vivado.gen/sources_1/bd/filter_bd/ipshared/e663/hdl/verilog/multi_filter_urem_7ns_3ns_2_11_1.v" into library xil_defaultlib
INFO: [VRFC 10-311] analyzing module multi_filter_urem_7ns_3ns_2_11_1_divider
INFO: [VRFC 10-311] analyzing module multi_filter_urem_7ns_3ns_2_11_1
INFO: [VRFC 10-2263] Analyzing Verilog file "C:/Image_Processing_FPGA/fpga/vivado_project/filter_vivado/filter_vivado.gen/sources_1/bd/filter_bd/ipshared/e663/hdl/verilog/multi_filter_urem_8ns_3ns_2_12_1.v" into library xil_defaultlib
INFO: [VRFC 10-311] analyzing module multi_filter_urem_8ns_3ns_2_12_1_divider
INFO: [VRFC 10-311] analyzing module multi_filter_urem_8ns_3ns_2_12_1
INFO: [VRFC 10-2263] Analyzing Verilog file "C:/Image_Processing_FPGA/fpga/vivado_project/filter_vivado/filter_vivado.gen/sources_1/bd/filter_bd/ipshared/e663/hdl/verilog/multi_filter_urem_31ns_3ns_2_35_1.v" into library xil_defaultlib
INFO: [VRFC 10-311] analyzing module multi_filter_urem_31ns_3ns_2_35_1_divider
INFO: [VRFC 10-311] analyzing module multi_filter_urem_31ns_3ns_2_35_1
INFO: [VRFC 10-2263] Analyzing Verilog file "C:/Image_Processing_FPGA/fpga/vivado_project/filter_vivado/filter_vivado.gen/sources_1/bd/filter_bd/ipshared/e663/hdl/verilog/multi_filter.v" into library xil_defaultlib
INFO: [VRFC 10-311] analyzing module multi_filter
INFO: [VRFC 10-2263] Analyzing Verilog file "C:/Image_Processing_FPGA/fpga/vivado_project/filter_vivado/filter_vivado.ip_user_files/bd/filter_bd/ip/filter_bd_multi_filter_0_0/sim/filter_bd_multi_filter_0_0.v" into library xil_defaultlib
INFO: [VRFC 10-311] analyzing module filter_bd_multi_filter_0_0
INFO: [VRFC 10-2263] Analyzing Verilog file "C:/Image_Processing_FPGA/fpga/vivado_project/filter_vivado/filter_vivado.ip_user_files/bd/filter_bd/ip/filter_bd_axi_smc_1/bd_0/ip/ip_0/sim/bd_dff4_one_0.v" into library xil_defaultlib
INFO: [VRFC 10-311] analyzing module bd_dff4_one_0
INFO: [VRFC 10-2263] Analyzing SystemVerilog file "C:/Image_Processing_FPGA/fpga/vivado_project/filter_vivado/filter_vivado.ip_user_files/bd/filter_bd/ip/filter_bd_axi_smc_1/bd_0/ip/ip_2/sim/bd_dff4_arinsw_0.sv" into library xil_defaultlib
INFO: [VRFC 10-311] analyzing module bd_dff4_arinsw_0
INFO: [VRFC 10-2263] Analyzing SystemVerilog file "C:/Image_Processing_FPGA/fpga/vivado_project/filter_vivado/filter_vivado.ip_user_files/bd/filter_bd/ip/filter_bd_axi_smc_1/bd_0/ip/ip_3/sim/bd_dff4_rinsw_0.sv" into library xil_defaultlib
INFO: [VRFC 10-311] analyzing module bd_dff4_rinsw_0
INFO: [VRFC 10-2263] Analyzing SystemVerilog file "C:/Image_Processing_FPGA/fpga/vivado_project/filter_vivado/filter_vivado.ip_user_files/bd/filter_bd/ip/filter_bd_axi_smc_1/bd_0/ip/ip_4/sim/bd_dff4_awinsw_0.sv" into library xil_defaultlib
INFO: [VRFC 10-311] analyzing module bd_dff4_awinsw_0
INFO: [VRFC 10-2263] Analyzing SystemVerilog file "C:/Image_Processing_FPGA/fpga/vivado_project/filter_vivado/filter_vivado.ip_user_files/bd/filter_bd/ip/filter_bd_axi_smc_1/bd_0/ip/ip_5/sim/bd_dff4_winsw_0.sv" into library xil_defaultlib
INFO: [VRFC 10-311] analyzing module bd_dff4_winsw_0
INFO: [VRFC 10-2263] Analyzing SystemVerilog file "C:/Image_Processing_FPGA/fpga/vivado_project/filter_vivado/filter_vivado.ip_user_files/bd/filter_bd/ip/filter_bd_axi_smc_1/bd_0/ip/ip_6/sim/bd_dff4_binsw_0.sv" into library xil_defaultlib
INFO: [VRFC 10-311] analyzing module bd_dff4_binsw_0
INFO: [VRFC 10-2263] Analyzing SystemVerilog file "C:/Image_Processing_FPGA/fpga/vivado_project/filter_vivado/filter_vivado.ip_user_files/bd/filter_bd/ip/filter_bd_axi_smc_1/bd_0/ip/ip_7/sim/bd_dff4_aroutsw_0.sv" into library xil_defaultlib
INFO: [VRFC 10-311] analyzing module bd_dff4_aroutsw_0
WARNING: [VRFC 10-8772] attribute 'X_INTERFACE_MODE' is already specified; last one will take precedence [C:/Image_Processing_FPGA/fpga/vivado_project/filter_vivado/filter_vivado.ip_user_files/bd/filter_bd/ip/filter_bd_axi_smc_1/bd_0/ip/ip_7/sim/bd_dff4_aroutsw_0.sv:93]
INFO: [VRFC 10-2263] Analyzing SystemVerilog file "C:/Image_Processing_FPGA/fpga/vivado_project/filter_vivado/filter_vivado.ip_user_files/bd/filter_bd/ip/filter_bd_axi_smc_1/bd_0/ip/ip_8/sim/bd_dff4_routsw_0.sv" into library xil_defaultlib
INFO: [VRFC 10-311] analyzing module bd_dff4_routsw_0
WARNING: [VRFC 10-8772] attribute 'X_INTERFACE_MODE' is already specified; last one will take precedence [C:/Image_Processing_FPGA/fpga/vivado_project/filter_vivado/filter_vivado.ip_user_files/bd/filter_bd/ip/filter_bd_axi_smc_1/bd_0/ip/ip_8/sim/bd_dff4_routsw_0.sv:82]
WARNING: [VRFC 10-8772] attribute 'X_INTERFACE_PARAMETER' is already specified; last one will take precedence [C:/Image_Processing_FPGA/fpga/vivado_project/filter_vivado/filter_vivado.ip_user_files/bd/filter_bd/ip/filter_bd_axi_smc_1/bd_0/ip/ip_8/sim/bd_dff4_routsw_0.sv:83]
INFO: [VRFC 10-2263] Analyzing SystemVerilog file "C:/Image_Processing_FPGA/fpga/vivado_project/filter_vivado/filter_vivado.ip_user_files/bd/filter_bd/ip/filter_bd_axi_smc_1/bd_0/ip/ip_9/sim/bd_dff4_awoutsw_0.sv" into library xil_defaultlib
INFO: [VRFC 10-311] analyzing module bd_dff4_awoutsw_0
WARNING: [VRFC 10-8772] attribute 'X_INTERFACE_MODE' is already specified; last one will take precedence [C:/Image_Processing_FPGA/fpga/vivado_project/filter_vivado/filter_vivado.ip_user_files/bd/filter_bd/ip/filter_bd_axi_smc_1/bd_0/ip/ip_9/sim/bd_dff4_awoutsw_0.sv:93]
INFO: [VRFC 10-2263] Analyzing SystemVerilog file "C:/Image_Processing_FPGA/fpga/vivado_project/filter_vivado/filter_vivado.ip_user_files/bd/filter_bd/ip/filter_bd_axi_smc_1/bd_0/ip/ip_10/sim/bd_dff4_woutsw_0.sv" into library xil_defaultlib
INFO: [VRFC 10-311] analyzing module bd_dff4_woutsw_0
WARNING: [VRFC 10-8772] attribute 'X_INTERFACE_MODE' is already specified; last one will take precedence [C:/Image_Processing_FPGA/fpga/vivado_project/filter_vivado/filter_vivado.ip_user_files/bd/filter_bd/ip/filter_bd_axi_smc_1/bd_0/ip/ip_10/sim/bd_dff4_woutsw_0.sv:93]
INFO: [VRFC 10-2263] Analyzing SystemVerilog file "C:/Image_Processing_FPGA/fpga/vivado_project/filter_vivado/filter_vivado.ip_user_files/bd/filter_bd/ip/filter_bd_axi_smc_1/bd_0/ip/ip_11/sim/bd_dff4_boutsw_0.sv" into library xil_defaultlib
INFO: [VRFC 10-311] analyzing module bd_dff4_boutsw_0
WARNING: [VRFC 10-8772] attribute 'X_INTERFACE_MODE' is already specified; last one will take precedence [C:/Image_Processing_FPGA/fpga/vivado_project/filter_vivado/filter_vivado.ip_user_files/bd/filter_bd/ip/filter_bd_axi_smc_1/bd_0/ip/ip_11/sim/bd_dff4_boutsw_0.sv:82]
WARNING: [VRFC 10-8772] attribute 'X_INTERFACE_PARAMETER' is already specified; last one will take precedence [C:/Image_Processing_FPGA/fpga/vivado_project/filter_vivado/filter_vivado.ip_user_files/bd/filter_bd/ip/filter_bd_axi_smc_1/bd_0/ip/ip_11/sim/bd_dff4_boutsw_0.sv:83]
INFO: [VRFC 10-2263] Analyzing SystemVerilog file "C:/Image_Processing_FPGA/fpga/vivado_project/filter_vivado/filter_vivado.ip_user_files/bd/filter_bd/ip/filter_bd_axi_smc_1/bd_0/ip/ip_12/sim/bd_dff4_arni_0.sv" into library xil_defaultlib
INFO: [VRFC 10-311] analyzing module bd_dff4_arni_0
INFO: [VRFC 10-2263] Analyzing SystemVerilog file "C:/Image_Processing_FPGA/fpga/vivado_project/filter_vivado/filter_vivado.ip_user_files/bd/filter_bd/ip/filter_bd_axi_smc_1/bd_0/ip/ip_13/sim/bd_dff4_rni_0.sv" into library xil_defaultlib
INFO: [VRFC 10-311] analyzing module bd_dff4_rni_0
INFO: [VRFC 10-2263] Analyzing SystemVerilog file "C:/Image_Processing_FPGA/fpga/vivado_project/filter_vivado/filter_vivado.ip_user_files/bd/filter_bd/ip/filter_bd_axi_smc_1/bd_0/ip/ip_14/sim/bd_dff4_awni_0.sv" into library xil_defaultlib
INFO: [VRFC 10-311] analyzing module bd_dff4_awni_0
INFO: [VRFC 10-2263] Analyzing SystemVerilog file "C:/Image_Processing_FPGA/fpga/vivado_project/filter_vivado/filter_vivado.ip_user_files/bd/filter_bd/ip/filter_bd_axi_smc_1/bd_0/ip/ip_15/sim/bd_dff4_wni_0.sv" into library xil_defaultlib
INFO: [VRFC 10-311] analyzing module bd_dff4_wni_0
INFO: [VRFC 10-2263] Analyzing SystemVerilog file "C:/Image_Processing_FPGA/fpga/vivado_project/filter_vivado/filter_vivado.ip_user_files/bd/filter_bd/ip/filter_bd_axi_smc_1/bd_0/ip/ip_16/sim/bd_dff4_bni_0.sv" into library xil_defaultlib
INFO: [VRFC 10-311] analyzing module bd_dff4_bni_0
INFO: [VRFC 10-2263] Analyzing SystemVerilog file "C:/Image_Processing_FPGA/fpga/vivado_project/filter_vivado/filter_vivado.ip_user_files/bd/filter_bd/ip/filter_bd_axi_smc_1/bd_0/ip/ip_17/sim/bd_dff4_s00mmu_0.sv" into library xil_defaultlib
INFO: [VRFC 10-311] analyzing module bd_dff4_s00mmu_0
INFO: [VRFC 10-2263] Analyzing SystemVerilog file "C:/Image_Processing_FPGA/fpga/vivado_project/filter_vivado/filter_vivado.ip_user_files/bd/filter_bd/ip/filter_bd_axi_smc_1/bd_0/ip/ip_18/sim/bd_dff4_s00tr_0.sv" into library xil_defaultlib
INFO: [VRFC 10-311] analyzing module bd_dff4_s00tr_0
INFO: [VRFC 10-2263] Analyzing SystemVerilog file "C:/Image_Processing_FPGA/fpga/vivado_project/filter_vivado/filter_vivado.ip_user_files/bd/filter_bd/ip/filter_bd_axi_smc_1/bd_0/ip/ip_19/sim/bd_dff4_s00sic_0.sv" into library xil_defaultlib
INFO: [VRFC 10-311] analyzing module bd_dff4_s00sic_0
INFO: [VRFC 10-2263] Analyzing SystemVerilog file "C:/Image_Processing_FPGA/fpga/vivado_project/filter_vivado/filter_vivado.ip_user_files/bd/filter_bd/ip/filter_bd_axi_smc_1/bd_0/ip/ip_20/sim/bd_dff4_s00a2s_0.sv" into library xil_defaultlib
INFO: [VRFC 10-311] analyzing module bd_dff4_s00a2s_0
INFO: [VRFC 10-2263] Analyzing SystemVerilog file "C:/Image_Processing_FPGA/fpga/vivado_project/filter_vivado/filter_vivado.ip_user_files/bd/filter_bd/ip/filter_bd_axi_smc_1/bd_0/ip/ip_21/sim/bd_dff4_sarn_0.sv" into library xil_defaultlib
INFO: [VRFC 10-311] analyzing module bd_dff4_sarn_0
INFO: [VRFC 10-2263] Analyzing SystemVerilog file "C:/Image_Processing_FPGA/fpga/vivado_project/filter_vivado/filter_vivado.ip_user_files/bd/filter_bd/ip/filter_bd_axi_smc_1/bd_0/ip/ip_22/sim/bd_dff4_srn_0.sv" into library xil_defaultlib
INFO: [VRFC 10-311] analyzing module bd_dff4_srn_0
INFO: [VRFC 10-2263] Analyzing SystemVerilog file "C:/Image_Processing_FPGA/fpga/vivado_project/filter_vivado/filter_vivado.ip_user_files/bd/filter_bd/ip/filter_bd_axi_smc_1/bd_0/ip/ip_23/sim/bd_dff4_sawn_0.sv" into library xil_defaultlib
INFO: [VRFC 10-311] analyzing module bd_dff4_sawn_0
INFO: [VRFC 10-2263] Analyzing SystemVerilog file "C:/Image_Processing_FPGA/fpga/vivado_project/filter_vivado/filter_vivado.ip_user_files/bd/filter_bd/ip/filter_bd_axi_smc_1/bd_0/ip/ip_24/sim/bd_dff4_swn_0.sv" into library xil_defaultlib
INFO: [VRFC 10-311] analyzing module bd_dff4_swn_0
INFO: [VRFC 10-2263] Analyzing SystemVerilog file "C:/Image_Processing_FPGA/fpga/vivado_project/filter_vivado/filter_vivado.ip_user_files/bd/filter_bd/ip/filter_bd_axi_smc_1/bd_0/ip/ip_25/sim/bd_dff4_sbn_0.sv" into library xil_defaultlib
INFO: [VRFC 10-311] analyzing module bd_dff4_sbn_0
INFO: [VRFC 10-2263] Analyzing SystemVerilog file "C:/Image_Processing_FPGA/fpga/vivado_project/filter_vivado/filter_vivado.ip_user_files/bd/filter_bd/ip/filter_bd_axi_smc_1/bd_0/ip/ip_26/sim/bd_dff4_m00s2a_0.sv" into library xil_defaultlib
INFO: [VRFC 10-311] analyzing module bd_dff4_m00s2a_0
INFO: [VRFC 10-2263] Analyzing SystemVerilog file "C:/Image_Processing_FPGA/fpga/vivado_project/filter_vivado/filter_vivado.ip_user_files/bd/filter_bd/ip/filter_bd_axi_smc_1/bd_0/ip/ip_27/sim/bd_dff4_m00arn_0.sv" into library xil_defaultlib
INFO: [VRFC 10-311] analyzing module bd_dff4_m00arn_0
INFO: [VRFC 10-2263] Analyzing SystemVerilog file "C:/Image_Processing_FPGA/fpga/vivado_project/filter_vivado/filter_vivado.ip_user_files/bd/filter_bd/ip/filter_bd_axi_smc_1/bd_0/ip/ip_28/sim/bd_dff4_m00rn_0.sv" into library xil_defaultlib
INFO: [VRFC 10-311] analyzing module bd_dff4_m00rn_0
INFO: [VRFC 10-2263] Analyzing SystemVerilog file "C:/Image_Processing_FPGA/fpga/vivado_project/filter_vivado/filter_vivado.ip_user_files/bd/filter_bd/ip/filter_bd_axi_smc_1/bd_0/ip/ip_29/sim/bd_dff4_m00awn_0.sv" into library xil_defaultlib
INFO: [VRFC 10-311] analyzing module bd_dff4_m00awn_0
INFO: [VRFC 10-2263] Analyzing SystemVerilog file "C:/Image_Processing_FPGA/fpga/vivado_project/filter_vivado/filter_vivado.ip_user_files/bd/filter_bd/ip/filter_bd_axi_smc_1/bd_0/ip/ip_30/sim/bd_dff4_m00wn_0.sv" into library xil_defaultlib
INFO: [VRFC 10-311] analyzing module bd_dff4_m00wn_0
INFO: [VRFC 10-2263] Analyzing SystemVerilog file "C:/Image_Processing_FPGA/fpga/vivado_project/filter_vivado/filter_vivado.ip_user_files/bd/filter_bd/ip/filter_bd_axi_smc_1/bd_0/ip/ip_31/sim/bd_dff4_m00bn_0.sv" into library xil_defaultlib
INFO: [VRFC 10-311] analyzing module bd_dff4_m00bn_0
INFO: [VRFC 10-2263] Analyzing SystemVerilog file "C:/Image_Processing_FPGA/fpga/vivado_project/filter_vivado/filter_vivado.ip_user_files/bd/filter_bd/ip/filter_bd_axi_smc_1/bd_0/ip/ip_32/sim/bd_dff4_m00e_0.sv" into library xil_defaultlib
INFO: [VRFC 10-311] analyzing module bd_dff4_m00e_0
INFO: [VRFC 10-2263] Analyzing SystemVerilog file "C:/Image_Processing_FPGA/fpga/vivado_project/filter_vivado/filter_vivado.ip_user_files/bd/filter_bd/ip/filter_bd_axi_smc_1/bd_0/ip/ip_33/sim/bd_dff4_m01s2a_0.sv" into library xil_defaultlib
INFO: [VRFC 10-311] analyzing module bd_dff4_m01s2a_0
INFO: [VRFC 10-2263] Analyzing SystemVerilog file "C:/Image_Processing_FPGA/fpga/vivado_project/filter_vivado/filter_vivado.ip_user_files/bd/filter_bd/ip/filter_bd_axi_smc_1/bd_0/ip/ip_34/sim/bd_dff4_m01arn_0.sv" into library xil_defaultlib
INFO: [VRFC 10-311] analyzing module bd_dff4_m01arn_0
INFO: [VRFC 10-2263] Analyzing SystemVerilog file "C:/Image_Processing_FPGA/fpga/vivado_project/filter_vivado/filter_vivado.ip_user_files/bd/filter_bd/ip/filter_bd_axi_smc_1/bd_0/ip/ip_35/sim/bd_dff4_m01rn_0.sv" into library xil_defaultlib
INFO: [VRFC 10-311] analyzing module bd_dff4_m01rn_0
INFO: [VRFC 10-2263] Analyzing SystemVerilog file "C:/Image_Processing_FPGA/fpga/vivado_project/filter_vivado/filter_vivado.ip_user_files/bd/filter_bd/ip/filter_bd_axi_smc_1/bd_0/ip/ip_36/sim/bd_dff4_m01awn_0.sv" into library xil_defaultlib
INFO: [VRFC 10-311] analyzing module bd_dff4_m01awn_0
INFO: [VRFC 10-2263] Analyzing SystemVerilog file "C:/Image_Processing_FPGA/fpga/vivado_project/filter_vivado/filter_vivado.ip_user_files/bd/filter_bd/ip/filter_bd_axi_smc_1/bd_0/ip/ip_37/sim/bd_dff4_m01wn_0.sv" into library xil_defaultlib
INFO: [VRFC 10-311] analyzing module bd_dff4_m01wn_0
INFO: [VRFC 10-2263] Analyzing SystemVerilog file "C:/Image_Processing_FPGA/fpga/vivado_project/filter_vivado/filter_vivado.ip_user_files/bd/filter_bd/ip/filter_bd_axi_smc_1/bd_0/ip/ip_38/sim/bd_dff4_m01bn_0.sv" into library xil_defaultlib
INFO: [VRFC 10-311] analyzing module bd_dff4_m01bn_0
INFO: [VRFC 10-2263] Analyzing SystemVerilog file "C:/Image_Processing_FPGA/fpga/vivado_project/filter_vivado/filter_vivado.ip_user_files/bd/filter_bd/ip/filter_bd_axi_smc_1/bd_0/ip/ip_39/sim/bd_dff4_m01e_0.sv" into library xil_defaultlib
INFO: [VRFC 10-311] analyzing module bd_dff4_m01e_0
INFO: [VRFC 10-2263] Analyzing Verilog file "C:/Image_Processing_FPGA/fpga/vivado_project/filter_vivado/filter_vivado.ip_user_files/bd/filter_bd/ip/filter_bd_axi_smc_1/bd_0/sim/bd_dff4.v" into library xil_defaultlib
INFO: [VRFC 10-311] analyzing module bd_dff4
INFO: [VRFC 10-311] analyzing module clk_map_imp_1HR9W6G
INFO: [VRFC 10-311] analyzing module i_nodes_imp_34TZA
INFO: [VRFC 10-311] analyzing module m00_exit_pipeline_imp_FU1VXV
INFO: [VRFC 10-311] analyzing module m00_nodes_imp_T68XCV
INFO: [VRFC 10-311] analyzing module m01_exit_pipeline_imp_CTQDRN
INFO: [VRFC 10-311] analyzing module m01_nodes_imp_1VQXSQ1
INFO: [VRFC 10-311] analyzing module s00_entry_pipeline_imp_1FO3EUO
INFO: [VRFC 10-311] analyzing module s00_nodes_imp_1CP2TWQ
INFO: [VRFC 10-311] analyzing module switchboards_imp_1IIFHTQ
INFO: [VRFC 10-2263] Analyzing Verilog file "C:/Image_Processing_FPGA/fpga/vivado_project/filter_vivado/filter_vivado.ip_user_files/bd/filter_bd/ip/filter_bd_axi_smc_1/sim/filter_bd_axi_smc_1.v" into library xil_defaultlib
INFO: [VRFC 10-311] analyzing module filter_bd_axi_smc_1
INFO: [VRFC 10-2263] Analyzing Verilog file "C:/Image_Processing_FPGA/fpga/vivado_project/filter_vivado/filter_vivado.ip_user_files/bd/filter_bd/sim/filter_bd.v" into library xil_defaultlib
INFO: [VRFC 10-311] analyzing module filter_bd
INFO: [VRFC 10-2263] Analyzing Verilog file "C:/Image_Processing_FPGA/fpga/vivado_project/filter_vivado/filter_vivado.gen/sources_1/bd/filter_bd/hdl/filter_bd_wrapper.v" into library xil_defaultlib
INFO: [VRFC 10-311] analyzing module filter_bd_wrapper
INFO: [VRFC 10-2263] Analyzing Verilog file "C:/Image_Processing_FPGA/fpga/vivado_project/filter_vivado/filter_vivado.sim/sim_1/behav/xsim/glbl.v" into library xil_defaultlib
INFO: [VRFC 10-311] analyzing module glbl
INFO: [VRFC 10-163] Analyzing VHDL file "C:/Image_Processing_FPGA/fpga/vivado_project/filter_vivado/filter_vivado.ip_user_files/bd/filter_bd/ip/filter_bd_axi_dma_0_0/sim/filter_bd_axi_dma_0_0.vhd" into library xil_defaultlib
INFO: [VRFC 10-3107] analyzing entity 'filter_bd_axi_dma_0_0'
INFO: [VRFC 10-163] Analyzing VHDL file "C:/Image_Processing_FPGA/fpga/vivado_project/filter_vivado/filter_vivado.ip_user_files/bd/filter_bd/ip/filter_bd_axi_smc_1/bd_0/ip/ip_1/sim/bd_dff4_psr_aclk_0.vhd" into library xil_defaultlib
INFO: [VRFC 10-3107] analyzing entity 'bd_dff4_psr_aclk_0'
INFO: [VRFC 10-163] Analyzing VHDL file "C:/Image_Processing_FPGA/fpga/vivado_project/filter_vivado/filter_vivado.ip_user_files/bd/filter_bd/ip/filter_bd_rst_ps7_0_50M_1/sim/filter_bd_rst_ps7_0_50M_1.vhd" into library xil_defaultlib
INFO: [VRFC 10-3107] analyzing entity 'filter_bd_rst_ps7_0_50M_1'
