Vivado Simulator v2024.2.0
Copyright 1986-2022 Xilinx, Inc. All Rights Reserved.
Copyright 2022-2024 Advanced Micro Devices, Inc. All Rights Reserved.
Running: C:/Xilinx/Vivado/2024.2/bin/unwrapped/win64.o/xelab.exe --incr --debug typical --relax --mt 2 -L xil_defaultlib -L axi_infrastructure_v1_1_0 -L axi_vip_v1_1_19 -L processing_system7_vip_v1_0_21 -L lib_pkg_v1_0_4 -L fifo_generator_v13_2_11 -L lib_fifo_v1_0_20 -L lib_srl_fifo_v1_0_4 -L lib_cdc_v1_0_3 -L axi_datamover_v5_1_35 -L axi_sg_v4_1_19 -L axi_dma_v7_1_34 -L xlconstant_v1_1_9 -L proc_sys_reset_v5_0_16 -L smartconnect_v1_0 -L axi_register_slice_v2_1_33 -L uvm -L xilinx_vip -L unisims_ver -L unimacro_ver -L secureip -L xpm --snapshot filter_bd_wrapper_behav xil_defaultlib.filter_bd_wrapper xil_defaultlib.glbl -log elaborate.log 
Using 2 slave threads.
Starting static elaboration
Pass Through NonSizing Optimizer
WARNING: [VRFC 10-3091] actual bit length 128 differs from formal bit length 64 for port 'WR_DATA_STRB' [/scratch/proj/xbuilds/SWIP/2024.2_1113_1001/infra/XSIM/lin/.cxl.ip/incl/processing_system7_vip_v1_0_21_axi_gp.v:208]
WARNING: [VRFC 10-3091] actual bit length 12 differs from formal bit length 6 for port 'm_axi_bid' [/wrk/ci/prod/2024.2/sw/continuous/3059/packages/customer/vivado/data/ip/xilinx/processing_system7_vip_v1_0/hdl/processing_system7_vip_v1_0_vl_rfs.sv:5546]
WARNING: [VRFC 10-3091] actual bit length 12 differs from formal bit length 6 for port 'm_axi_rid' [/wrk/ci/prod/2024.2/sw/continuous/3059/packages/customer/vivado/data/ip/xilinx/processing_system7_vip_v1_0/hdl/processing_system7_vip_v1_0_vl_rfs.sv:5564]
WARNING: [VRFC 10-3091] actual bit length 128 differs from formal bit length 64 for port 'WR_DATA_STRB' [/scratch/proj/xbuilds/SWIP/2024.2_1113_1001/infra/XSIM/lin/.cxl.ip/incl/processing_system7_vip_v1_0_21_axi_gp.v:292]
WARNING: [VRFC 10-3091] actual bit length 8 differs from formal bit length 9 for port 'WR_BYTES' [/scratch/proj/xbuilds/SWIP/2024.2_1113_1001/infra/XSIM/lin/.cxl.ip/incl/processing_system7_vip_v1_0_21_axi_hp.v:80]
WARNING: [VRFC 10-3091] actual bit length 8 differs from formal bit length 9 for port 'RD_BYTES' [/scratch/proj/xbuilds/SWIP/2024.2_1113_1001/infra/XSIM/lin/.cxl.ip/incl/processing_system7_vip_v1_0_21_axi_hp.v:89]
WARNING: [VRFC 10-3091] actual bit length 12 differs from formal bit length 6 for port 'm_axi_bid' [/wrk/ci/prod/2024.2/sw/continuous/3059/packages/customer/vivado/data/ip/xilinx/processing_system7_vip_v1_0/hdl/processing_system7_vip_v1_0_vl_rfs.sv:10256]
WARNING: [VRFC 10-3091] actual bit length 12 differs from formal bit length 6 for port 'm_axi_rid' [/wrk/ci/prod/2024.2/sw/continuous/3059/packages/customer/vivado/data/ip/xilinx/processing_system7_vip_v1_0/hdl/processing_system7_vip_v1_0_vl_rfs.sv:10274]
WARNING: [VRFC 10-3091] actual bit length 32 differs from formal bit length 64 for port 'm_axi_rdata' [/wrk/ci/prod/2024.2/sw/continuous/3059/packages/customer/vivado/data/ip/xilinx/processing_system7_vip_v1_0/hdl/processing_system7_vip_v1_0_vl_rfs.sv:10275]
WARNING: [VRFC 10-3091] actual bit length 8 differs from formal bit length 9 for port 'WR_BYTES' [/scratch/proj/xbuilds/SWIP/2024.2_1113_1001/infra/XSIM/lin/.cxl.ip/incl/processing_system7_vip_v1_0_21_axi_hp.v:165]
WARNING: [VRFC 10-3091] actual bit length 8 differs from formal bit length 9 for port 'RD_BYTES' [/scratch/proj/xbuilds/SWIP/2024.2_1113_1001/infra/XSIM/lin/.cxl.ip/incl/processing_system7_vip_v1_0_21_axi_hp.v:174]
WARNING: [VRFC 10-3091] actual bit length 8 differs from formal bit length 9 for port 'WR_BYTES' [/scratch/proj/xbuilds/SWIP/2024.2_1113_1001/infra/XSIM/lin/.cxl.ip/incl/processing_system7_vip_v1_0_21_axi_hp.v:251]
WARNING: [VRFC 10-3091] actual bit length 8 differs from formal bit length 9 for port 'RD_BYTES' [/scratch/proj/xbuilds/SWIP/2024.2_1113_1001/infra/XSIM/lin/.cxl.ip/incl/processing_system7_vip_v1_0_21_axi_hp.v:260]
WARNING: [VRFC 10-3091] actual bit length 8 differs from formal bit length 9 for port 'WR_BYTES' [/scratch/proj/xbuilds/SWIP/2024.2_1113_1001/infra/XSIM/lin/.cxl.ip/incl/processing_system7_vip_v1_0_21_axi_hp.v:337]
WARNING: [VRFC 10-3091] actual bit length 8 differs from formal bit length 9 for port 'RD_BYTES' [/scratch/proj/xbuilds/SWIP/2024.2_1113_1001/infra/XSIM/lin/.cxl.ip/incl/processing_system7_vip_v1_0_21_axi_hp.v:346]
WARNING: [VRFC 10-3091] actual bit length 12 differs from formal bit length 3 for port 'm_axi_bid' [/wrk/ci/prod/2024.2/sw/continuous/3059/packages/customer/vivado/data/ip/xilinx/processing_system7_vip_v1_0/hdl/processing_system7_vip_v1_0_vl_rfs.sv:7157]
WARNING: [VRFC 10-3091] actual bit length 12 differs from formal bit length 3 for port 'm_axi_rid' [/wrk/ci/prod/2024.2/sw/continuous/3059/packages/customer/vivado/data/ip/xilinx/processing_system7_vip_v1_0/hdl/processing_system7_vip_v1_0_vl_rfs.sv:7175]
WARNING: [VRFC 10-3091] actual bit length 32 differs from formal bit length 64 for port 'm_axi_rdata' [/wrk/ci/prod/2024.2/sw/continuous/3059/packages/customer/vivado/data/ip/xilinx/processing_system7_vip_v1_0/hdl/processing_system7_vip_v1_0_vl_rfs.sv:7176]
WARNING: [VRFC 10-5021] port 'm_axi_mm2s_araddr' is not connected on this instance [C:/Image_Processing_FPGA/fpga/vivado_project/filter_vivado/filter_vivado.ip_user_files/bd/filter_bd/sim/filter_bd.v:164]
WARNING: [VRFC 10-5021] port 'mb_reset' is not connected on this instance [C:/Image_Processing_FPGA/fpga/vivado_project/filter_vivado/filter_vivado.ip_user_files/bd/filter_bd/sim/filter_bd.v:375]
WARNING: [VRFC 10-5021] port 'mb_reset' is not connected on this instance [C:/Image_Processing_FPGA/fpga/vivado_project/filter_vivado/filter_vivado.ip_user_files/bd/filter_bd/ip/filter_bd_axi_smc_1/bd_0/sim/bd_dff4.v:1212]
WARNING: [VRFC 10-5021] port 'ENET0_GMII_RXD' is not connected on this instance [C:/Image_Processing_FPGA/fpga/vivado_project/filter_vivado/filter_vivado.ip_user_files/bd/filter_bd/ip/filter_bd_processing_system7_0_0/sim/filter_bd_processing_system7_0_0.v:185]
WARNING: [VRFC 10-3129] assignment to input 'wr_dv_ocm_gp0' [/wrk/ci/prod/2024.2/sw/continuous/3059/packages/customer/vivado/data/ip/xilinx/processing_system7_vip_v1_0/hdl/processing_system7_vip_v1_0_vl_rfs.sv:4372]
WARNING: [VRFC 10-3129] assignment to input 'wr_dv_ddr_gp0' [/wrk/ci/prod/2024.2/sw/continuous/3059/packages/customer/vivado/data/ip/xilinx/processing_system7_vip_v1_0/hdl/processing_system7_vip_v1_0_vl_rfs.sv:4373]
WARNING: [VRFC 10-3129] assignment to input 'wr_dv_ocm_gp1' [/wrk/ci/prod/2024.2/sw/continuous/3059/packages/customer/vivado/data/ip/xilinx/processing_system7_vip_v1_0/hdl/processing_system7_vip_v1_0_vl_rfs.sv:4394]
WARNING: [VRFC 10-3129] assignment to input 'wr_dv_ddr_gp1' [/wrk/ci/prod/2024.2/sw/continuous/3059/packages/customer/vivado/data/ip/xilinx/processing_system7_vip_v1_0/hdl/processing_system7_vip_v1_0_vl_rfs.sv:4395]
WARNING: [VRFC 10-3129] assignment to input 'wr_dv_ddr_hp0' [/wrk/ci/prod/2024.2/sw/continuous/3059/packages/customer/vivado/data/ip/xilinx/processing_system7_vip_v1_0/hdl/processing_system7_vip_v1_0_vl_rfs.sv:4465]
WARNING: [VRFC 10-3129] assignment to input 'wr_dv_ddr_hp1' [/wrk/ci/prod/2024.2/sw/continuous/3059/packages/customer/vivado/data/ip/xilinx/processing_system7_vip_v1_0/hdl/processing_system7_vip_v1_0_vl_rfs.sv:4483]
WARNING: [VRFC 10-3129] assignment to input 'wr_dv_ddr_hp2' [/wrk/ci/prod/2024.2/sw/continuous/3059/packages/customer/vivado/data/ip/xilinx/processing_system7_vip_v1_0/hdl/processing_system7_vip_v1_0_vl_rfs.sv:4501]
WARNING: [VRFC 10-3129] assignment to input 'wr_dv_ddr_hp3' [/wrk/ci/prod/2024.2/sw/continuous/3059/packages/customer/vivado/data/ip/xilinx/processing_system7_vip_v1_0/hdl/processing_system7_vip_v1_0_vl_rfs.sv:4519]
WARNING: [VRFC 10-3129] assignment to input 'ddr_wr_qos' [/wrk/ci/prod/2024.2/sw/continuous/3059/packages/customer/vivado/data/ip/xilinx/processing_system7_vip_v1_0/hdl/processing_system7_vip_v1_0_vl_rfs.sv:1253]
WARNING: [VRFC 10-3129] assignment to input 'ddr_rd_qos' [/wrk/ci/prod/2024.2/sw/continuous/3059/packages/customer/vivado/data/ip/xilinx/processing_system7_vip_v1_0/hdl/processing_system7_vip_v1_0_vl_rfs.sv:1276]
WARNING: [VRFC 10-3129] assignment to input 'ddr_wr_qos' [/wrk/ci/prod/2024.2/sw/continuous/3059/packages/customer/vivado/data/ip/xilinx/processing_system7_vip_v1_0/hdl/processing_system7_vip_v1_0_vl_rfs.sv:1091]
WARNING: [VRFC 10-3129] assignment to input 'ddr_rd_qos' [/wrk/ci/prod/2024.2/sw/continuous/3059/packages/customer/vivado/data/ip/xilinx/processing_system7_vip_v1_0/hdl/processing_system7_vip_v1_0_vl_rfs.sv:1115]
WARNING: [VRFC 10-3027] 'ocm_wr_strb_port0' was previously declared with a different range [/wrk/ci/prod/2024.2/sw/continuous/3059/packages/customer/vivado/data/ip/xilinx/processing_system7_vip_v1_0/hdl/processing_system7_vip_v1_0_vl_rfs.sv:3809]
WARNING: [VRFC 10-3705] select index 64 into 'wrp_strb' is out of bounds [/wrk/ci/prod/2024.2/sw/continuous/3059/packages/customer/vivado/data/ip/xilinx/processing_system7_vip_v1_0/hdl/processing_system7_vip_v1_0_vl_rfs.sv:6134]
WARNING: [VRFC 10-3705] select index 128 into 'wrp_strb' is out of bounds [/wrk/ci/prod/2024.2/sw/continuous/3059/packages/customer/vivado/data/ip/xilinx/processing_system7_vip_v1_0/hdl/processing_system7_vip_v1_0_vl_rfs.sv:10898]
WARNING: [VRFC 10-3705] select index 128 into 'wrp_strb' is out of bounds [/wrk/ci/prod/2024.2/sw/continuous/3059/packages/customer/vivado/data/ip/xilinx/processing_system7_vip_v1_0/hdl/processing_system7_vip_v1_0_vl_rfs.sv:7772]
WARNING: [VRFC 10-3705] select index 4 into 'wr_fifo_rd_ptr' is out of bounds [/wrk/ci/prod/2024.2/sw/continuous/3059/packages/customer/vivado/data/ip/xilinx/processing_system7_vip_v1_0/hdl/processing_system7_vip_v1_0_vl_rfs.sv:7985]
WARNING: [VRFC 10-3705] select index 4 into 'ar_cnt' is out of bounds [/wrk/ci/prod/2024.2/sw/continuous/3059/packages/customer/vivado/data/ip/xilinx/processing_system7_vip_v1_0/hdl/processing_system7_vip_v1_0_vl_rfs.sv:8124]
WARNING: [VRFC 10-3705] select index 4 into 'wr_rresp_cnt' is out of bounds [/wrk/ci/prod/2024.2/sw/continuous/3059/packages/customer/vivado/data/ip/xilinx/processing_system7_vip_v1_0/hdl/processing_system7_vip_v1_0_vl_rfs.sv:8221]
WARNING: [VRFC 10-3705] select index 4 into 'rd_fifo_wr_ptr' is out of bounds [/wrk/ci/prod/2024.2/sw/continuous/3059/packages/customer/vivado/data/ip/xilinx/processing_system7_vip_v1_0/hdl/processing_system7_vip_v1_0_vl_rfs.sv:8240]
WARNING: [VRFC 10-3705] select index 4 into 'rd_cnt' is out of bounds [/wrk/ci/prod/2024.2/sw/continuous/3059/packages/customer/vivado/data/ip/xilinx/processing_system7_vip_v1_0/hdl/processing_system7_vip_v1_0_vl_rfs.sv:8381]
WARNING: [VRFC 10-3705] select index 4 into 'rresp_time_cnt' is out of bounds [/wrk/ci/prod/2024.2/sw/continuous/3059/packages/customer/vivado/data/ip/xilinx/processing_system7_vip_v1_0/hdl/processing_system7_vip_v1_0_vl_rfs.sv:8386]
WARNING: [VRFC 10-3705] select index 4 into 'rd_fifo_rd_ptr' is out of bounds [/wrk/ci/prod/2024.2/sw/continuous/3059/packages/customer/vivado/data/ip/xilinx/processing_system7_vip_v1_0/hdl/processing_system7_vip_v1_0_vl_rfs.sv:8391]
Completed static elaboration
Starting simulation data flow analysis
Completed simulation data flow analysis
Time Resolution for simulation is 1ps
Compiling package std.standard
Compiling package std.textio
Compiling package ieee.std_logic_1164
Compiling package ieee.numeric_std
Compiling package synopsys.attributes
Compiling package ieee.std_logic_misc
Compiling package unisim.vcomponents
Compiling package ieee.std_logic_arith
Compiling package ieee.std_logic_unsigned
Compiling package lib_pkg_v1_0_4.lib_pkg
Compiling package axi_dma_v7_1_34.axi_dma_pkg
Compiling package ieee.vital_timing
Compiling package ieee.vital_primitives
Compiling package unisim.vpkg
Compiling package xpm.vcomponents
Compiling package smartconnect_v1_0.sc_util_v1_0_4_pkg
Compiling package xilinx_vip.axi_vip_pkg
Compiling package xilinx_vip.xil_common_vip_pkg
Compiling package std.std
Compiling architecture implementation of entity axi_dma_v7_1_34.axi_dma_smple_sm [\axi_dma_smple_sm(c_extra=1)\]
Compiling architecture implementation of entity axi_dma_v7_1_34.axi_dma_mm2s_cmdsts_if [\axi_dma_mm2s_cmdsts_if(c_extra=...]
Compiling architecture implementation of entity axi_dma_v7_1_34.axi_dma_mm2s_sts_mngr [axi_dma_mm2s_sts_mngr_default]
Compiling architecture implementation of entity axi_dma_v7_1_34.axi_dma_mm2s_mngr [\axi_dma_mm2s_mngr(c_prmy_cmdfif...]
Compiling architecture implementation of entity axi_dma_v7_1_34.axi_dma_sofeof_gen [axi_dma_sofeof_gen_default]
Compiling architecture implementation of entity axi_dma_v7_1_34.axi_dma_s2mm_cmdsts_if [\axi_dma_s2mm_cmdsts_if(c_dm_sta...]
Compiling architecture implementation of entity axi_dma_v7_1_34.axi_dma_s2mm_sts_mngr [axi_dma_s2mm_sts_mngr_default]
Compiling architecture implementation of entity axi_dma_v7_1_34.axi_dma_s2mm_mngr [\axi_dma_s2mm_mngr(c_prmy_cmdfif...]
Compiling architecture implementation of entity axi_dma_v7_1_34.axi_dma_reset [\axi_dma_reset(c_include_sg=0,c_...]
Compiling architecture fdre_v of entity unisim.FDRE [fdre_default]
Compiling architecture fdr_v of entity unisim.FDR [fdr_default]
Compiling architecture implementation of entity lib_cdc_v1_0_3.cdc_sync [\cdc_sync(c_mtbf_stages=4)\]
Compiling architecture implementation of entity axi_dma_v7_1_34.axi_dma_rst_module [\axi_dma_rst_module(c_include_sg...]
Compiling architecture implementation of entity axi_dma_v7_1_34.axi_dma_lite_if [\axi_dma_lite_if(c_num_ce=23,c_s...]
Compiling architecture implementation of entity axi_dma_v7_1_34.axi_dma_register [\axi_dma_register(c_num_register...]
Compiling architecture implementation of entity axi_dma_v7_1_34.axi_dma_register_s2mm [\axi_dma_register_s2mm(c_num_reg...]
Compiling architecture implementation of entity axi_dma_v7_1_34.axi_dma_reg_module [\axi_dma_reg_module(c_include_sg...]
Compiling architecture behavioral of entity lib_srl_fifo_v1_0_4.dynshreg_f [\dynshreg_f(c_depth=4,c_dwidth=9...]
Compiling architecture imp of entity lib_srl_fifo_v1_0_4.srl_fifo_rbu_f [\srl_fifo_rbu_f(c_dwidth=9,c_dep...]
Compiling architecture imp of entity lib_srl_fifo_v1_0_4.srl_fifo_f [\srl_fifo_f(c_dwidth=9,c_depth=4...]
Compiling architecture imp of entity axi_datamover_v5_1_35.axi_datamover_fifo [\axi_datamover_fifo(c_dwidth=9,c...]
Compiling module xpm.xpm_fifo_rst_default
Compiling module xpm.xpm_fifo_reg_bit
Compiling module xpm.xpm_counter_updn(COUNTER_WIDTH=8...
Compiling module xpm.xpm_counter_updn(COUNTER_WIDTH=7...
Compiling module xpm.xpm_memory_base(MEMORY_TYPE=1,ME...
Compiling module xpm.xpm_counter_updn(COUNTER_WIDTH=2...
Compiling module xpm.xpm_fifo_base(FIFO_MEMORY_TYPE=2...
Compiling module xpm.xpm_fifo_sync(FIFO_MEMORY_TYPE="...
Compiling architecture implementation of entity lib_fifo_v1_0_20.sync_fifo_fg [\sync_fifo_fg(c_family="zynq",c_...]
Compiling architecture imp of entity axi_datamover_v5_1_35.axi_datamover_sfifo_autord [\axi_datamover_sfifo_autord(c_dw...]
Compiling architecture implementation of entity axi_datamover_v5_1_35.axi_datamover_rd_sf [\axi_datamover_rd_sf(c_sf_fifo_d...]
Compiling architecture implementation of entity axi_datamover_v5_1_35.axi_datamover_skid_buf [\axi_datamover_skid_buf(c_wdata_...]
Compiling architecture implementation of entity axi_datamover_v5_1_35.axi_datamover_reset [axi_datamover_reset_default]
Compiling architecture imp of entity axi_datamover_v5_1_35.axi_datamover_fifo [\axi_datamover_fifo(c_dwidth=8,c...]
Compiling architecture imp of entity axi_datamover_v5_1_35.axi_datamover_fifo [\axi_datamover_fifo(c_dwidth=71,...]
Compiling architecture implementation of entity axi_datamover_v5_1_35.axi_datamover_cmd_status [\axi_datamover_cmd_status(c_stsc...]
Compiling architecture implementation of entity axi_datamover_v5_1_35.axi_datamover_rd_status_cntl [axi_datamover_rd_status_cntl_def...]
Compiling architecture implementation of entity axi_datamover_v5_1_35.axi_datamover_strb_gen2 [\axi_datamover_strb_gen2(c_strb_...]
Compiling architecture implementation of entity axi_datamover_v5_1_35.axi_datamover_strb_gen2 [\axi_datamover_strb_gen2(c_op_mo...]
Compiling architecture implementation of entity axi_datamover_v5_1_35.axi_datamover_pcc [\axi_datamover_pcc(c_is_mm2s=1,c...]
Compiling architecture imp of entity lib_srl_fifo_v1_0_4.cntr_incr_decr_addn_f [\cntr_incr_decr_addn_f(c_size=3,...]
Compiling architecture behavioral of entity lib_srl_fifo_v1_0_4.dynshreg_f [\dynshreg_f(c_depth=4,c_dwidth=5...]
Compiling architecture imp of entity lib_srl_fifo_v1_0_4.srl_fifo_rbu_f [\srl_fifo_rbu_f(c_dwidth=59,c_de...]
Compiling architecture imp of entity lib_srl_fifo_v1_0_4.srl_fifo_f [\srl_fifo_f(c_dwidth=59,c_depth=...]
Compiling architecture imp of entity axi_datamover_v5_1_35.axi_datamover_fifo [\axi_datamover_fifo(c_dwidth=59,...]
Compiling architecture implementation of entity axi_datamover_v5_1_35.axi_datamover_addr_cntl [\axi_datamover_addr_cntl(c_famil...]
Compiling architecture behavioral of entity lib_srl_fifo_v1_0_4.dynshreg_f [\dynshreg_f(c_depth=4,c_dwidth=2...]
Compiling architecture imp of entity lib_srl_fifo_v1_0_4.srl_fifo_rbu_f [\srl_fifo_rbu_f(c_dwidth=29,c_de...]
Compiling architecture imp of entity lib_srl_fifo_v1_0_4.srl_fifo_f [\srl_fifo_f(c_dwidth=29,c_depth=...]
Compiling architecture imp of entity axi_datamover_v5_1_35.axi_datamover_fifo [\axi_datamover_fifo(c_dwidth=29,...]
Compiling architecture implementation of entity axi_datamover_v5_1_35.axi_datamover_rdmux [\axi_datamover_rdmux(c_sel_addr_...]
Compiling architecture implementation of entity axi_datamover_v5_1_35.axi_datamover_rddata_cntl [\axi_datamover_rddata_cntl(c_ali...]
Compiling architecture implementation of entity axi_datamover_v5_1_35.axi_datamover_mm2s_full_wrap [\axi_datamover_mm2s_full_wrap(c_...]
Compiling architecture implementation of entity axi_datamover_v5_1_35.axi_datamover_ibttcc [\axi_datamover_ibttcc(c_sf_xfer_...]
Compiling architecture implementation of entity axi_datamover_v5_1_35.axi_datamover_ms_strb_set [\axi_datamover_ms_strb_set(c_str...]
Compiling architecture implementation of entity axi_datamover_v5_1_35.axi_datamover_mssai_skid_buf [\axi_datamover_mssai_skid_buf(c_...]
Compiling architecture implementation of entity axi_datamover_v5_1_35.axi_datamover_strb_gen2 [\axi_datamover_strb_gen2(c_strb_...]
Compiling architecture working of entity axi_datamover_v5_1_35.axi_datamover_slice [\axi_datamover_slice(c_data_widt...]
Compiling architecture imp of entity lib_srl_fifo_v1_0_4.cntr_incr_decr_addn_f [\cntr_incr_decr_addn_f(c_size=5,...]
Compiling architecture behavioral of entity lib_srl_fifo_v1_0_4.dynshreg_f [\dynshreg_f(c_depth=16,c_dwidth=...]
Compiling architecture imp of entity lib_srl_fifo_v1_0_4.srl_fifo_rbu_f [\srl_fifo_rbu_f(c_dwidth=5,c_fam...]
Compiling architecture imp of entity lib_srl_fifo_v1_0_4.srl_fifo_f [\srl_fifo_f(c_dwidth=5,c_family=...]
Compiling architecture imp of entity axi_datamover_v5_1_35.axi_datamover_fifo [\axi_datamover_fifo(c_dwidth=5,c...]
Compiling architecture implementation of entity axi_datamover_v5_1_35.axi_datamover_s2mm_scatter [\axi_datamover_s2mm_scatter(c_en...]
Compiling architecture behavioral of entity lib_srl_fifo_v1_0_4.dynshreg_f [\dynshreg_f(c_depth=4,c_dwidth=2...]
Compiling architecture imp of entity lib_srl_fifo_v1_0_4.srl_fifo_rbu_f [\srl_fifo_rbu_f(c_dwidth=26,c_de...]
Compiling architecture imp of entity lib_srl_fifo_v1_0_4.srl_fifo_f [\srl_fifo_f(c_dwidth=26,c_depth=...]
Compiling architecture imp of entity axi_datamover_v5_1_35.axi_datamover_fifo [\axi_datamover_fifo(c_dwidth=26,...]
Compiling architecture implementation of entity axi_datamover_v5_1_35.axi_datamover_s2mm_realign [\axi_datamover_s2mm_realign(c_en...]
Compiling architecture implementation of entity axi_datamover_v5_1_35.axi_datamover_stbs_set [\axi_datamover_stbs_set(c_strobe...]
Compiling architecture implementation of entity axi_datamover_v5_1_35.axi_datamover_stbs_set [\axi_datamover_stbs_set(c_strobe...]
Compiling architecture implementation of entity axi_datamover_v5_1_35.axi_datamover_skid_buf [\axi_datamover_skid_buf(c_wdata_...]
Compiling module xpm.xpm_fifo_rst_default_1
Compiling module xpm.xpm_counter_updn(COUNTER_WIDTH=5...
Compiling module xpm.xpm_counter_updn
Compiling module xpm.xpm_memory_base(MEMORY_TYPE=1,ME...
Compiling module xpm.xpm_fifo_base(FIFO_WRITE_DEPTH=1...
Compiling module xpm.xpm_fifo_sync(FIFO_MEMORY_TYPE="...
Compiling architecture implementation of entity lib_fifo_v1_0_20.sync_fifo_fg [\sync_fifo_fg(c_family="zynq",c_...]
Compiling architecture imp of entity axi_datamover_v5_1_35.axi_datamover_sfifo_autord [\axi_datamover_sfifo_autord(c_dw...]
Compiling module xpm.xpm_fifo_rst_default_2
Compiling module xpm.xpm_memory_base(MEMORY_TYPE=1,ME...
Compiling module xpm.xpm_fifo_base(FIFO_MEMORY_TYPE=2...
Compiling module xpm.xpm_fifo_sync(FIFO_MEMORY_TYPE="...
Compiling architecture implementation of entity lib_fifo_v1_0_20.sync_fifo_fg [\sync_fifo_fg(c_family="zynq",c_...]
Compiling architecture imp of entity axi_datamover_v5_1_35.axi_datamover_sfifo_autord [\axi_datamover_sfifo_autord(c_dw...]
Compiling architecture implementation of entity axi_datamover_v5_1_35.axi_datamover_indet_btt [\axi_datamover_indet_btt(c_ibtt_...]
Compiling architecture imp of entity axi_datamover_v5_1_35.axi_datamover_fifo [\axi_datamover_fifo(c_dwidth=35,...]
Compiling architecture implementation of entity axi_datamover_v5_1_35.axi_datamover_cmd_status [\axi_datamover_cmd_status(c_stsc...]
Compiling architecture behavioral of entity lib_srl_fifo_v1_0_4.dynshreg_f [\dynshreg_f(c_depth=6,c_dwidth=2...]
Compiling architecture imp of entity lib_srl_fifo_v1_0_4.srl_fifo_rbu_f [\srl_fifo_rbu_f(c_dwidth=21,c_de...]
Compiling architecture imp of entity lib_srl_fifo_v1_0_4.srl_fifo_f [\srl_fifo_f(c_dwidth=21,c_depth=...]
Compiling architecture imp of entity axi_datamover_v5_1_35.axi_datamover_fifo [\axi_datamover_fifo(c_dwidth=21,...]
Compiling architecture imp of entity lib_srl_fifo_v1_0_4.cntr_incr_decr_addn_f [\cntr_incr_decr_addn_f(c_size=4,...]
Compiling architecture behavioral of entity lib_srl_fifo_v1_0_4.dynshreg_f [\dynshreg_f(c_depth=6,c_dwidth=2...]
Compiling architecture imp of entity lib_srl_fifo_v1_0_4.srl_fifo_rbu_f [\srl_fifo_rbu_f(c_dwidth=2,c_dep...]
Compiling architecture imp of entity lib_srl_fifo_v1_0_4.srl_fifo_f [\srl_fifo_f(c_dwidth=2,c_depth=6...]
Compiling architecture imp of entity axi_datamover_v5_1_35.axi_datamover_fifo [\axi_datamover_fifo(c_dwidth=2,c...]
Compiling architecture implementation of entity axi_datamover_v5_1_35.axi_datamover_wr_status_cntl [\axi_datamover_wr_status_cntl(c_...]
Compiling architecture implementation of entity axi_datamover_v5_1_35.axi_datamover_addr_cntl [\axi_datamover_addr_cntl(c_addr_...]
Compiling architecture behavioral of entity lib_srl_fifo_v1_0_4.dynshreg_f [\dynshreg_f(c_depth=4,c_dwidth=2...]
Compiling architecture imp of entity lib_srl_fifo_v1_0_4.srl_fifo_rbu_f [\srl_fifo_rbu_f(c_dwidth=27,c_de...]
Compiling architecture imp of entity lib_srl_fifo_v1_0_4.srl_fifo_f [\srl_fifo_f(c_dwidth=27,c_depth=...]
Compiling architecture imp of entity axi_datamover_v5_1_35.axi_datamover_fifo [\axi_datamover_fifo(c_dwidth=27,...]
Compiling architecture implementation of entity axi_datamover_v5_1_35.axi_datamover_wrdata_cntl [\axi_datamover_wrdata_cntl(c_rea...]
Compiling architecture implementation of entity axi_datamover_v5_1_35.axi_datamover_wr_demux [\axi_datamover_wr_demux(c_sel_ad...]
Compiling architecture implementation of entity axi_datamover_v5_1_35.axi_datamover_skid2mm_buf [\axi_datamover_skid2mm_buf(c_add...]
Compiling architecture implementation of entity axi_datamover_v5_1_35.axi_datamover_s2mm_full_wrap [\axi_datamover_s2mm_full_wrap(c_...]
Compiling architecture implementation of entity axi_datamover_v5_1_35.axi_datamover [\axi_datamover(c_include_mm2s=1,...]
Compiling architecture implementation of entity axi_dma_v7_1_34.axi_dma [\axi_dma(c_include_sg=0,c_sg_inc...]
Compiling architecture filter_bd_axi_dma_0_0_arch of entity xil_defaultlib.filter_bd_axi_dma_0_0 [filter_bd_axi_dma_0_0_default]
Compiling module xlconstant_v1_1_9.xlconstant_v1_1_9_xlconstant(CON...
Compiling module xil_defaultlib.bd_dff4_one_0
Compiling architecture fdre_v of entity unisim.FDRE [\FDRE(init='1')\]
Compiling architecture implementation of entity lib_cdc_v1_0_3.cdc_sync [\cdc_sync(c_vector_width=2,c_mtb...]
Compiling architecture srl16e_v of entity unisim.SRL16E [\SRL16E(init="1111111111111111")...]
Compiling architecture srl16_v of entity unisim.SRL16 [\SRL16(init="1111111111111111")(...]
Compiling architecture imp of entity proc_sys_reset_v5_0_16.lpf [\lpf(c_ext_rst_width=4,c_aux_rst...]
Compiling architecture imp of entity proc_sys_reset_v5_0_16.upcnt_n [\upcnt_n(c_size=6)\]
Compiling architecture imp of entity proc_sys_reset_v5_0_16.sequence_psr [sequence_psr_default]
Compiling architecture imp of entity proc_sys_reset_v5_0_16.proc_sys_reset [\proc_sys_reset(c_family="zynq",...]
Compiling architecture bd_dff4_psr_aclk_0_arch of entity xil_defaultlib.bd_dff4_psr_aclk_0 [bd_dff4_psr_aclk_0_default]
Compiling module xil_defaultlib.clk_map_imp_1HR9W6G
Compiling module xpm.xpm_cdc_async_rst(DEST_SYNC_FF=3...
Compiling module xil_defaultlib.bd_dff4_m00e_0
Compiling module xil_defaultlib.m00_exit_pipeline_imp_FU1VXV
Compiling module xil_defaultlib.bd_dff4_m00arn_0
Compiling module xil_defaultlib.bd_dff4_m00awn_0
Compiling module xil_defaultlib.bd_dff4_m00bn_0
Compiling module xil_defaultlib.bd_dff4_m00rn_0
Compiling module xil_defaultlib.bd_dff4_m00wn_0
Compiling module xil_defaultlib.m00_nodes_imp_T68XCV
Compiling module xil_defaultlib.bd_dff4_m00s2a_0
Compiling module xil_defaultlib.bd_dff4_m01e_0
Compiling module xil_defaultlib.m01_exit_pipeline_imp_CTQDRN
Compiling module xil_defaultlib.bd_dff4_m01arn_0
Compiling module xil_defaultlib.bd_dff4_m01awn_0
Compiling module xil_defaultlib.bd_dff4_m01bn_0
Compiling module xil_defaultlib.bd_dff4_m01rn_0
Compiling module xil_defaultlib.bd_dff4_m01wn_0
Compiling module xil_defaultlib.m01_nodes_imp_1VQXSQ1
Compiling module xil_defaultlib.bd_dff4_m01s2a_0
Compiling module xil_defaultlib.bd_dff4_s00a2s_0
Compiling module xil_defaultlib.bd_dff4_s00mmu_0
Compiling module xil_defaultlib.bd_dff4_s00sic_0
Compiling module xil_defaultlib.bd_dff4_s00tr_0
Compiling module xil_defaultlib.s00_entry_pipeline_imp_1FO3EUO
Compiling module xil_defaultlib.bd_dff4_sarn_0
Compiling module xil_defaultlib.bd_dff4_sawn_0
Compiling module xil_defaultlib.bd_dff4_sbn_0
Compiling module xil_defaultlib.bd_dff4_srn_0
Compiling module xil_defaultlib.bd_dff4_swn_0
Compiling module xil_defaultlib.s00_nodes_imp_1CP2TWQ
Compiling module xil_defaultlib.bd_dff4_arinsw_0
Compiling module xil_defaultlib.bd_dff4_aroutsw_0
Compiling module xil_defaultlib.bd_dff4_awinsw_0
Compiling module xil_defaultlib.bd_dff4_awoutsw_0
Compiling module xil_defaultlib.bd_dff4_binsw_0
Compiling module xil_defaultlib.bd_dff4_boutsw_0
Compiling module xil_defaultlib.bd_dff4_arni_0
Compiling module xil_defaultlib.bd_dff4_awni_0
Compiling module xil_defaultlib.bd_dff4_bni_0
Compiling module xil_defaultlib.bd_dff4_rni_0
Compiling module xil_defaultlib.bd_dff4_wni_0
Compiling module xil_defaultlib.i_nodes_imp_34TZA
Compiling module xil_defaultlib.bd_dff4_rinsw_0
Compiling module xil_defaultlib.bd_dff4_routsw_0
Compiling module xil_defaultlib.bd_dff4_winsw_0
Compiling module xil_defaultlib.bd_dff4_woutsw_0
Compiling module xil_defaultlib.switchboards_imp_1IIFHTQ
Compiling module xil_defaultlib.bd_dff4
Compiling module xil_defaultlib.filter_bd_axi_smc_1
Compiling module xil_defaultlib.multi_filter_blur_RAM_AUTO_1R1W
Compiling module xil_defaultlib.multi_filter_image_RAM_AUTO_1R1W
Compiling module xil_defaultlib.multi_filter_result_RAM_AUTO_1R1...
Compiling module xil_defaultlib.multi_filter_mul_31ns_33ns_63_2_...
Compiling module xil_defaultlib.multi_filter_urem_31ns_3ns_2_35_...
Compiling module xil_defaultlib.multi_filter_urem_31ns_3ns_2_35_...
Compiling module xil_defaultlib.multi_filter_flow_control_loop_p...
Compiling module xil_defaultlib.multi_filter_multi_filter_Pipeli...
Compiling module xil_defaultlib.multi_filter_urem_7ns_3ns_2_11_1...
Compiling module xil_defaultlib.multi_filter_urem_7ns_3ns_2_11_1...
Compiling module xil_defaultlib.multi_filter_mul_7ns_9ns_15_1_1(...
Compiling module xil_defaultlib.multi_filter_sparsemux_7_2_8_1_1...
Compiling module xil_defaultlib.multi_filter_sparsemux_253_7_8_1...
Compiling module xil_defaultlib.multi_filter_mul_11s_11s_22_1_1(...
Compiling module xil_defaultlib.multi_filter_mac_muladd_11s_11s_...
Compiling module xil_defaultlib.multi_filter_mac_muladd_11s_11s_...
Compiling module xil_defaultlib.multi_filter_multi_filter_Pipeli...
Compiling module xil_defaultlib.multi_filter_am_addmul_11ns_10ns...
Compiling module xil_defaultlib.multi_filter_am_addmul_11ns_10ns...
Compiling module xil_defaultlib.multi_filter_multi_filter_Pipeli...
Compiling module xil_defaultlib.multi_filter_multi_filter_Pipeli...
Compiling module xil_defaultlib.multi_filter_multi_filter_Pipeli...
Compiling module xil_defaultlib.multi_filter_urem_8ns_3ns_2_12_1...
Compiling module xil_defaultlib.multi_filter_urem_8ns_3ns_2_12_1...
Compiling module xil_defaultlib.multi_filter_mul_8ns_10ns_17_1_1...
Compiling module xil_defaultlib.multi_filter_sparsemux_257_7_8_1...
Compiling module xil_defaultlib.multi_filter_multi_filter_Pipeli...
Compiling module xil_defaultlib.multi_filter_multi_filter_Pipeli...
Compiling module xil_defaultlib.multi_filter_am_addmul_10ns_8ns_...
Compiling module xil_defaultlib.multi_filter_am_addmul_10ns_8ns_...
Compiling module xil_defaultlib.multi_filter_multi_filter_Pipeli...
Compiling module xil_defaultlib.multi_filter_multi_filter_Pipeli...
Compiling module xil_defaultlib.multi_filter_CTRL_BUS_s_axi
Compiling module xil_defaultlib.multi_filter_mul_31ns_31ns_62_2_...
Compiling module xil_defaultlib.multi_filter_regslice_both
Compiling module xil_defaultlib.multi_filter_regslice_both(DataW...
Compiling module xil_defaultlib.multi_filter_hls_deadlock_idx0_m...
Compiling module xil_defaultlib.multi_filter
Compiling module xil_defaultlib.filter_bd_multi_filter_0_0
Compiling module processing_system7_vip_v1_0_21.processing_system7_vip_v1_0_21_g...
Compiling module processing_system7_vip_v1_0_21.processing_system7_vip_v1_0_21_g...
Compiling module processing_system7_vip_v1_0_21.processing_system7_vip_v1_0_21_a...
Compiling module processing_system7_vip_v1_0_21.processing_system7_vip_v1_0_21_a...
Compiling module processing_system7_vip_v1_0_21.processing_system7_vip_v1_0_21_f...
Compiling module processing_system7_vip_v1_0_21.processing_system7_vip_v1_0_21_a...
Compiling module processing_system7_vip_v1_0_21.processing_system7_vip_v1_0_21_a...
Compiling module processing_system7_vip_v1_0_21.processing_system7_vip_v1_0_21_a...
Compiling module processing_system7_vip_v1_0_21.processing_system7_vip_v1_0_21_a...
Compiling module processing_system7_vip_v1_0_21.processing_system7_vip_v1_0_21_s...
Compiling module processing_system7_vip_v1_0_21.processing_system7_vip_v1_0_21_i...
Compiling module processing_system7_vip_v1_0_21.processing_system7_vip_v1_0_21_s...
Compiling module processing_system7_vip_v1_0_21.processing_system7_vip_v1_0_21_d...
Compiling module processing_system7_vip_v1_0_21.processing_system7_vip_v1_0_21_o...
Compiling module processing_system7_vip_v1_0_21.processing_system7_vip_v1_0_21_o...
Compiling module processing_system7_vip_v1_0_21.processing_system7_vip_v1_0_21_r...
Compiling module processing_system7_vip_v1_0_21.processing_system7_vip_v1_0_21_r...
Compiling module xilinx_vip.axi_vip_axi4pc(WDATA_WIDTH=32,RD...
Compiling module xilinx_vip.cb
Compiling module xilinx_vip.axi_vip_if(C_AXI_PROTOCOL=1,C_AX...
Compiling module axi_vip_v1_1_19.axi_vip_v1_1_19_top(C_AXI_PROTOC...
Compiling module processing_system7_vip_v1_0_21.processing_system7_vip_v1_0_21_a...
Compiling module processing_system7_vip_v1_0_21.processing_system7_vip_v1_0_21_a...
Compiling module xilinx_vip.axi_vip_axi4pc(WDATA_WIDTH=32,RD...
Compiling module xilinx_vip.cb
Compiling module xilinx_vip.axi_vip_if(C_AXI_PROTOCOL=1,C_AX...
Compiling module axi_vip_v1_1_19.axi_vip_v1_1_19_top(C_AXI_PROTOC...
WARNING: [VRFC 10-3705] select index 64 into 'wrp_strb' is out of bounds [/wrk/ci/prod/2024.2/sw/continuous/3059/packages/customer/vivado/data/ip/xilinx/processing_system7_vip_v1_0/hdl/processing_system7_vip_v1_0_vl_rfs.sv:6134]
Compiling module processing_system7_vip_v1_0_21.processing_system7_vip_v1_0_21_a...
Compiling module processing_system7_vip_v1_0_21.processing_system7_vip_v1_0_21_a...
Compiling module xilinx_vip.axi_vip_axi4pc(PROTOCOL=1,RID_WI...
Compiling module xilinx_vip.cb
Compiling module xilinx_vip.axi_vip_if(C_AXI_PROTOCOL=1,C_AX...
Compiling module axi_vip_v1_1_19.axi_vip_v1_1_19_top(C_AXI_PROTOC...
Compiling module processing_system7_vip_v1_0_21.processing_system7_vip_v1_0_21_i...
WARNING: [VRFC 10-3705] select index 128 into 'wrp_strb' is out of bounds [/wrk/ci/prod/2024.2/sw/continuous/3059/packages/customer/vivado/data/ip/xilinx/processing_system7_vip_v1_0/hdl/processing_system7_vip_v1_0_vl_rfs.sv:10898]
Compiling module processing_system7_vip_v1_0_21.processing_system7_vip_v1_0_21_a...
Compiling module processing_system7_vip_v1_0_21.processing_system7_vip_v1_0_21_a...
Compiling module processing_system7_vip_v1_0_21.processing_system7_vip_v1_0_21_a...
Compiling module processing_system7_vip_v1_0_21.processing_system7_vip_v1_0_21_a...
Compiling module xilinx_vip.axi_vip_axi4pc(PROTOCOL=1,RID_WI...
Compiling module xilinx_vip.cb
Compiling module xilinx_vip.axi_vip_if(C_AXI_PROTOCOL=1,C_AX...
Compiling module axi_vip_v1_1_19.axi_vip_v1_1_19_top(C_AXI_PROTOC...
WARNING: [VRFC 10-3705] select index 128 into 'wrp_strb' is out of bounds [/wrk/ci/prod/2024.2/sw/continuous/3059/packages/customer/vivado/data/ip/xilinx/processing_system7_vip_v1_0/hdl/processing_system7_vip_v1_0_vl_rfs.sv:7772]
WARNING: [VRFC 10-3705] select index 4 into 'wr_fifo_rd_ptr' is out of bounds [/wrk/ci/prod/2024.2/sw/continuous/3059/packages/customer/vivado/data/ip/xilinx/processing_system7_vip_v1_0/hdl/processing_system7_vip_v1_0_vl_rfs.sv:7985]
WARNING: [VRFC 10-3705] select index 4 into 'ar_cnt' is out of bounds [/wrk/ci/prod/2024.2/sw/continuous/3059/packages/customer/vivado/data/ip/xilinx/processing_system7_vip_v1_0/hdl/processing_system7_vip_v1_0_vl_rfs.sv:8124]
WARNING: [VRFC 10-3705] select index 4 into 'wr_rresp_cnt' is out of bounds [/wrk/ci/prod/2024.2/sw/continuous/3059/packages/customer/vivado/data/ip/xilinx/processing_system7_vip_v1_0/hdl/processing_system7_vip_v1_0_vl_rfs.sv:8221]
WARNING: [VRFC 10-3705] select index 4 into 'rd_fifo_wr_ptr' is out of bounds [/wrk/ci/prod/2024.2/sw/continuous/3059/packages/customer/vivado/data/ip/xilinx/processing_system7_vip_v1_0/hdl/processing_system7_vip_v1_0_vl_rfs.sv:8240]
WARNING: [VRFC 10-3705] select index 4 into 'rd_cnt' is out of bounds [/wrk/ci/prod/2024.2/sw/continuous/3059/packages/customer/vivado/data/ip/xilinx/processing_system7_vip_v1_0/hdl/processing_system7_vip_v1_0_vl_rfs.sv:8381]
WARNING: [VRFC 10-3705] select index 4 into 'rresp_time_cnt' is out of bounds [/wrk/ci/prod/2024.2/sw/continuous/3059/packages/customer/vivado/data/ip/xilinx/processing_system7_vip_v1_0/hdl/processing_system7_vip_v1_0_vl_rfs.sv:8386]
WARNING: [VRFC 10-3705] select index 4 into 'rd_fifo_rd_ptr' is out of bounds [/wrk/ci/prod/2024.2/sw/continuous/3059/packages/customer/vivado/data/ip/xilinx/processing_system7_vip_v1_0/hdl/processing_system7_vip_v1_0_vl_rfs.sv:8391]
Compiling module processing_system7_vip_v1_0_21.processing_system7_vip_v1_0_21_a...
Compiling module processing_system7_vip_v1_0_21.processing_system7_vip_v1_0_21(C...
Compiling module xil_defaultlib.filter_bd_processing_system7_0_0
Compiling architecture imp of entity proc_sys_reset_v5_0_16.lpf [\lpf(c_ext_rst_width=4,c_aux_rst...]
Compiling architecture imp of entity proc_sys_reset_v5_0_16.proc_sys_reset [\proc_sys_reset(c_family="zynq",...]
Compiling architecture filter_bd_rst_ps7_0_50m_1_arch of entity xil_defaultlib.filter_bd_rst_ps7_0_50M_1 [filter_bd_rst_ps7_0_50m_1_defaul...]
Compiling module xil_defaultlib.filter_bd
Compiling module xil_defaultlib.filter_bd_wrapper
Compiling module xil_defaultlib.glbl
Built simulation snapshot filter_bd_wrapper_behav
